# JRE version: OpenJDK Runtime Environment Temurin-25.0.3+9 (25.0.3+9) (build 25.0.3+9-LTS)
# Java VM: OpenJDK 64-Bit Server VM Temurin-25.0.3+9 (25.0.3+9-LTS, mixed mode, emulated-client, sharing, tiered, compressed oops, compressed class ptrs, g1 gc, windows-amd64)
GC Precious Log:
 CardTable entry size: 512
 Card Set container configuration: InlinePtr #cards 5 size 8 Array Of Cards #cards 10 size 36 Howl #buckets 4 coarsen threshold 1843 Howl Bitmap #cards 512 size 80 coarsen threshold 460 Card regions per heap region 1 cards per card region 2048
 CPUs: 4 total, 4 available
 Memory: 3460M
 Large Page Support: Disabled
 NUMA Support: Disabled
 Compressed Oops: Enabled (32-bit)
 Heap Region Size: 1M
 Heap Min Capacity: 8M
 Heap Initial Capacity: 56M
 Heap Max Capacity: 866M
 Pre-touch: Disabled
 Parallel Workers: 4
 Concurrent Workers: 1
 Concurrent Refinement Workers: 4
 Periodic GC: Disabled
Heap:
 garbage-first heap   total reserved 886784K, committed 60416K, used 35275K [0x00000000c9e00000, 0x0000000100000000)
  region size 1024K, 2 young (2048K), 2 survivors (2048K)
GC Heap Usage History (20 events):
Event: 9.625 {heap After GC invocations=5 (full 0):
 garbage-first heap   total reserved 886784K, committed 59392K, used 18472K [0x00000000c9e00000, 0x0000000100000000)
  region size 1024K, 1 young (1024K), 1 survivors (1024K)
}
Event: 13.516 {heap Before GC invocations=6 (full 0):
 garbage-first heap   total reserved 886784K, committed 59392K, used 44072K [0x00000000c9e00000, 0x0000000100000000)
  region size 1024K, 27 young (27648K), 1 survivors (1024K)
}
Event: 13.527 {heap After GC invocations=7 (full 0):
 garbage-first heap   total reserved 886784K, committed 59392K, used 20822K [0x00000000c9e00000, 0x0000000100000000)
  region size 1024K, 4 young (4096K), 4 survivors (4096K)
}
Event: 16.612 {heap Before GC invocations=7 (full 0):
 garbage-first heap   total reserved 886784K, committed 59392K, used 45398K [0x00000000c9e00000, 0x0000000100000000)
  region size 1024K, 29 young (29696K), 4 survivors (4096K)
}
Event: 16.622 {heap After GC invocations=8 (full 0):
 garbage-first heap   total reserved 886784K, committed 59392K, used 22920K [0x00000000c9e00000, 0x0000000100000000)
  region size 1024K, 2 young (2048K), 2 survivors (2048K)
}
Event: 18.349 {heap Before GC invocations=8 (full 0):
 garbage-first heap   total reserved 886784K, committed 59392K, used 36232K [0x00000000c9e00000, 0x0000000100000000)
  region size 1024K, 17 young (17408K), 2 survivors (2048K)
}
Event: 18.355 {heap After GC invocations=9 (full 0):
 garbage-first heap   total reserved 886784K, committed 59392K, used 24065K [0x00000000c9e00000, 0x0000000100000000)
  region size 1024K, 4 young (4096K), 4 survivors (4096K)
}
Event: 20.460 {heap Before GC invocations=10 (full 0):
 garbage-first heap   total reserved 886784K, committed 59392K, used 47617K [0x00000000c9e00000, 0x0000000100000000)
  region size 1024K, 28 young (28672K), 4 survivors (4096K)
}
Event: 20.468 {heap After GC invocations=11 (full 0):
 garbage-first heap   total reserved 886784K, committed 59392K, used 26572K [0x00000000c9e00000, 0x0000000100000000)
  region size 1024K, 4 young (4096K), 4 survivors (4096K)
}
Event: 22.716 {heap Before GC invocations=11 (full 0):
 garbage-first heap   total reserved 886784K, committed 59392K, used 49100K [0x00000000c9e00000, 0x0000000100000000)
  region size 1024K, 27 young (27648K), 4 survivors (4096K)
}
Event: 22.727 {heap After GC invocations=12 (full 0):
 garbage-first heap   total reserved 886784K, committed 59392K, used 28102K [0x00000000c9e00000, 0x0000000100000000)
  region size 1024K, 2 young (2048K), 2 survivors (2048K)
}
Event: 26.763 {heap Before GC invocations=12 (full 0):
 garbage-first heap   total reserved 886784K, committed 59392K, used 50630K [0x00000000c9e00000, 0x0000000100000000)
  region size 1024K, 25 young (25600K), 2 survivors (2048K)
}
Event: 26.768 {heap After GC invocations=13 (full 0):
 garbage-first heap   total reserved 886784K, committed 59392K, used 28623K [0x00000000c9e00000, 0x0000000100000000)
  region size 1024K, 3 young (3072K), 3 survivors (3072K)
}
Event: 29.259 {heap Before GC invocations=14 (full 0):
 garbage-first heap   total reserved 886784K, committed 59392K, used 51151K [0x00000000c9e00000, 0x0000000100000000)
  region size 1024K, 26 young (26624K), 3 survivors (3072K)
}
Event: 29.266 {heap After GC invocations=15 (full 0):
 garbage-first heap   total reserved 886784K, committed 59392K, used 30560K [0x00000000c9e00000, 0x0000000100000000)
  region size 1024K, 3 young (3072K), 3 survivors (3072K)
}
Event: 30.081 {heap Before GC invocations=15 (full 0):
 garbage-first heap   total reserved 886784K, committed 59392K, used 52064K [0x00000000c9e00000, 0x0000000100000000)
  region size 1024K, 25 young (25600K), 3 survivors (3072K)
}
Event: 30.094 {heap After GC invocations=16 (full 0):
 garbage-first heap   total reserved 886784K, committed 59392K, used 31695K [0x00000000c9e00000, 0x0000000100000000)
  region size 1024K, 4 young (4096K), 4 survivors (4096K)
}
Event: 31.140 {heap Before GC invocations=16 (full 0):
 garbage-first heap   total reserved 886784K, committed 59392K, used 52175K [0x00000000c9e00000, 0x0000000100000000)
  region size 1024K, 25 young (25600K), 4 survivors (4096K)
}
Event: 31.149 {heap After GC invocations=17 (full 0):
 garbage-first heap   total reserved 886784K, committed 60416K, used 33569K [0x00000000c9e00000, 0x0000000100000000)
  region size 1024K, 4 young (4096K), 4 survivors (4096K)
}
Event: 33.616 {heap Before GC invocations=18 (full 0):
 garbage-first heap   total reserved 886784K, committed 60416K, used 54049K [0x00000000c9e00000, 0x0000000100000000)
  region size 1024K, 24 young (24576K), 4 survivors (4096K)
}

