# JRE version: OpenJDK Runtime Environment Temurin-25.0.3+9 (25.0.3+9) (build 25.0.3+9-LTS)
# Java VM: OpenJDK 64-Bit Server VM Temurin-25.0.3+9 (25.0.3+9-LTS, mixed mode, emulated-client, sharing, tiered, compressed oops, compressed class ptrs, g1 gc, windows-amd64)
GC Precious Log:
 CardTable entry size: 512
 Card Set container configuration: InlinePtr #cards 5 size 8 Array Of Cards #cards 10 size 36 Howl #buckets 4 coarsen threshold 1843 Howl Bitmap #cards 512 size 80 coarsen threshold 460 Card regions per heap region 1 cards per card region 2048
 CPUs: 4 total, 4 available
 Memory: 3460M
 Large Page Support: Disabled
 NUMA Support: Disabled
 Compressed Oops: Enabled (32-bit)
 Heap Region Size: 1M
 Heap Min Capacity: 8M
 Heap Initial Capacity: 56M
 Heap Max Capacity: 866M
 Pre-touch: Disabled
 Parallel Workers: 4
 Concurrent Workers: 1
 Concurrent Refinement Workers: 4
 Periodic GC: Disabled
Heap:
 garbage-first heap   total reserved 886784K, committed 60416K, used 54287K [0x00000000c9e00000, 0x0000000100000000)
  region size 1024K, 24 young (24576K), 3 survivors (3072K)
GC Heap Usage History (20 events):
Event: 8.642 {heap After GC invocations=5 (full 0):
 garbage-first heap   total reserved 886784K, committed 59392K, used 18177K [0x00000000c9e00000, 0x0000000100000000)
  region size 1024K, 1 young (1024K), 1 survivors (1024K)
}
Event: 12.783 {heap Before GC invocations=6 (full 0):
 garbage-first heap   total reserved 886784K, committed 59392K, used 44801K [0x00000000c9e00000, 0x0000000100000000)
  region size 1024K, 27 young (27648K), 1 survivors (1024K)
}
Event: 12.793 {heap After GC invocations=7 (full 0):
 garbage-first heap   total reserved 886784K, committed 59392K, used 20513K [0x00000000c9e00000, 0x0000000100000000)
  region size 1024K, 4 young (4096K), 4 survivors (4096K)
}
Event: 15.460 {heap Before GC invocations=7 (full 0):
 garbage-first heap   total reserved 886784K, committed 59392K, used 45089K [0x00000000c9e00000, 0x0000000100000000)
  region size 1024K, 29 young (29696K), 4 survivors (4096K)
}
Event: 15.469 {heap After GC invocations=8 (full 0):
 garbage-first heap   total reserved 886784K, committed 59392K, used 22528K [0x00000000c9e00000, 0x0000000100000000)
  region size 1024K, 2 young (2048K), 2 survivors (2048K)
}
Event: 16.759 {heap Before GC invocations=8 (full 0):
 garbage-first heap   total reserved 886784K, committed 59392K, used 35840K [0x00000000c9e00000, 0x0000000100000000)
  region size 1024K, 17 young (17408K), 2 survivors (2048K)
}
Event: 16.765 {heap After GC invocations=9 (full 0):
 garbage-first heap   total reserved 886784K, committed 59392K, used 23654K [0x00000000c9e00000, 0x0000000100000000)
  region size 1024K, 4 young (4096K), 4 survivors (4096K)
}
Event: 18.937 {heap Before GC invocations=10 (full 0):
 garbage-first heap   total reserved 886784K, committed 59392K, used 48230K [0x00000000c9e00000, 0x0000000100000000)
  region size 1024K, 29 young (29696K), 4 survivors (4096K)
}
Event: 18.963 {heap After GC invocations=11 (full 0):
 garbage-first heap   total reserved 886784K, committed 59392K, used 26175K [0x00000000c9e00000, 0x0000000100000000)
  region size 1024K, 4 young (4096K), 4 survivors (4096K)
}
Event: 20.826 {heap Before GC invocations=11 (full 0):
 garbage-first heap   total reserved 886784K, committed 59392K, used 49727K [0x00000000c9e00000, 0x0000000100000000)
  region size 1024K, 28 young (28672K), 4 survivors (4096K)
}
Event: 20.834 {heap After GC invocations=12 (full 0):
 garbage-first heap   total reserved 886784K, committed 59392K, used 27071K [0x00000000c9e00000, 0x0000000100000000)
  region size 1024K, 2 young (2048K), 2 survivors (2048K)
}
Event: 26.375 {heap Before GC invocations=12 (full 0):
 garbage-first heap   total reserved 886784K, committed 59392K, used 50623K [0x00000000c9e00000, 0x0000000100000000)
  region size 1024K, 26 young (26624K), 2 survivors (2048K)
}
Event: 26.380 {heap After GC invocations=13 (full 0):
 garbage-first heap   total reserved 886784K, committed 59392K, used 28109K [0x00000000c9e00000, 0x0000000100000000)
  region size 1024K, 3 young (3072K), 3 survivors (3072K)
}
Event: 28.318 {heap Before GC invocations=13 (full 0):
 garbage-first heap   total reserved 886784K, committed 59392K, used 43469K [0x00000000c9e00000, 0x0000000100000000)
  region size 1024K, 20 young (20480K), 3 survivors (3072K)
}
Event: 28.327 {heap After GC invocations=14 (full 0):
 garbage-first heap   total reserved 886784K, committed 59392K, used 29529K [0x00000000c9e00000, 0x0000000100000000)
  region size 1024K, 3 young (3072K), 3 survivors (3072K)
}
Event: 29.434 {heap Before GC invocations=15 (full 0):
 garbage-first heap   total reserved 886784K, committed 59392K, used 51033K [0x00000000c9e00000, 0x0000000100000000)
  region size 1024K, 25 young (25600K), 3 survivors (3072K)
}
Event: 29.442 {heap After GC invocations=16 (full 0):
 garbage-first heap   total reserved 886784K, committed 59392K, used 31132K [0x00000000c9e00000, 0x0000000100000000)
  region size 1024K, 3 young (3072K), 3 survivors (3072K)
}
Event: 30.543 {heap Before GC invocations=16 (full 0):
 garbage-first heap   total reserved 886784K, committed 59392K, used 52636K [0x00000000c9e00000, 0x0000000100000000)
  region size 1024K, 25 young (25600K), 3 survivors (3072K)
}
Event: 30.551 {heap After GC invocations=17 (full 0):
 garbage-first heap   total reserved 886784K, committed 60416K, used 32783K [0x00000000c9e00000, 0x0000000100000000)
  region size 1024K, 4 young (4096K), 4 survivors (4096K)
}
Event: 32.999 {heap Before GC invocations=17 (full 0):
 garbage-first heap   total reserved 886784K, committed 60416K, used 54287K [0x00000000c9e00000, 0x0000000100000000)
  region size 1024K, 25 young (25600K), 4 survivors (4096K)
}

